SF:lib\data\models\search_response.dart
DA:11,2
DA:18,4
DA:19,2
DA:21,10
DA:22,2
DA:23,2
DA:26,2
DA:27,1
DA:28,5
DA:29,1
DA:30,1
DA:33,1
DA:34,5
DA:58,2
DA:80,4
DA:81,2
DA:82,2
DA:83,2
DA:84,2
DA:85,2
DA:86,8
DA:87,2
DA:88,2
DA:89,2
DA:90,2
DA:91,0
DA:92,8
DA:93,4
DA:94,2
DA:95,2
DA:96,4
DA:97,2
DA:98,2
DA:99,2
DA:100,2
DA:101,2
DA:103,0
DA:106,2
DA:107,1
DA:108,1
DA:109,1
DA:110,1
DA:111,1
DA:112,4
DA:113,1
DA:114,1
DA:115,1
DA:117,5
DA:118,1
DA:119,1
DA:120,1
DA:121,1
DA:122,1
DA:123,1
DA:124,1
DA:125,1
DA:126,1
DA:127,1
DA:128,0
DA:131,4
DA:132,2
DA:133,2
DA:134,2
DA:135,2
DA:136,4
DA:139,1
DA:140,1
DA:141,1
DA:142,1
DA:143,1
DA:144,1
DA:145,1
DA:146,1
DA:147,1
DA:148,1
DA:149,1
DA:150,1
DA:151,1
DA:152,1
DA:153,1
DA:154,1
DA:155,1
DA:156,1
DA:157,1
DA:158,1
DA:159,1
DA:165,8
DA:175,2
DA:177,1
DA:178,5
DA:179,1
LF:91
LH:88
end_of_record
SF:lib\domain\entities\search.dart
DA:4,6
DA:18,3
DA:19,6
LF:3
LH:3
end_of_record
SF:lib\data\repositories\search_repository_impl.dart
DA:9,1
DA:13,1
DA:16,2
DA:17,1
DA:18,1
DA:19,3
LF:6
LH:6
end_of_record
SF:lib\data\sources\search_data_source.dart
DA:10,1
DA:14,1
DA:17,1
DA:18,3
DA:20,2
DA:21,3
DA:22,1
DA:23,3
DA:24,6
DA:25,1
DA:28,0
DA:30,1
DA:31,2
LF:13
LH:12
end_of_record
SF:lib\domain\usecases\search_usecase.dart
DA:10,1
DA:12,1
DA:13,2
LF:3
LH:3
end_of_record
SF:lib\presentation\cubit\search_cubit.dart
DA:8,3
DA:12,1
DA:13,2
DA:14,2
DA:15,2
DA:16,3
DA:17,1
DA:18,2
LF:8
LH:8
end_of_record
SF:lib\presentation\cubit\search_state.dart
DA:4,4
DA:6,1
DA:7,1
DA:15,2
DA:19,1
DA:20,2
DA:24,3
DA:28,1
DA:29,2
LF:9
LH:9
end_of_record
SF:lib\presentation\pages\search_page.dart
DA:9,1
DA:11,1
DA:13,1
DA:14,1
DA:17,1
DA:19,1
DA:21,1
DA:22,1
DA:23,1
DA:24,2
DA:35,1
DA:37,1
DA:39,1
DA:40,1
DA:41,1
DA:45,1
DA:46,1
DA:47,1
DA:48,1
DA:49,1
DA:51,1
DA:52,1
DA:53,1
DA:55,1
DA:61,1
DA:62,1
DA:63,1
DA:64,1
LF:28
LH:28
end_of_record
SF:lib\presentation\widgets\search_card_list.dart
DA:11,1
DA:13,1
DA:15,1
DA:17,1
DA:18,0
DA:19,0
DA:20,0
DA:23,0
DA:25,0
DA:28,0
DA:31,1
DA:33,1
DA:34,1
DA:35,1
DA:41,1
DA:43,1
DA:44,1
DA:45,2
DA:48,1
DA:54,1
DA:55,1
DA:60,1
DA:61,1
DA:62,3
DA:64,2
DA:65,1
DA:67,0
DA:69,2
LF:28
LH:21
end_of_record
