SF:lib\data\models\tv_detail_response.dart
DA:39,3
DA:74,2
DA:75,2
DA:76,2
DA:77,2
DA:78,2
DA:79,8
DA:80,8
DA:81,2
DA:82,10
DA:83,2
DA:84,2
DA:85,2
DA:86,8
DA:87,2
DA:89,4
DA:90,2
DA:91,2
DA:92,4
DA:94,2
DA:95,8
DA:96,2
DA:97,2
DA:98,8
DA:99,2
DA:100,2
DA:101,2
DA:102,4
DA:103,2
DA:104,2
DA:105,8
DA:106,2
DA:107,2
DA:108,6
DA:110,10
DA:111,2
DA:112,8
DA:113,2
DA:114,2
DA:115,2
DA:116,4
DA:117,2
DA:120,2
DA:121,1
DA:122,1
DA:123,5
DA:124,4
DA:125,1
DA:126,5
DA:127,1
DA:128,1
DA:129,1
DA:130,4
DA:131,1
DA:132,2
DA:133,1
DA:134,2
DA:135,5
DA:136,1
DA:137,1
DA:138,4
DA:139,1
DA:140,1
DA:141,1
DA:142,1
DA:143,1
DA:145,5
DA:147,5
DA:148,5
DA:150,5
DA:151,1
DA:152,1
DA:153,1
DA:154,1
DA:155,1
DA:158,4
DA:159,2
DA:160,2
DA:161,2
DA:162,4
DA:163,2
DA:164,2
DA:165,10
DA:166,2
DA:167,10
DA:168,2
DA:171,2
DA:172,2
DA:173,2
DA:174,2
DA:175,2
DA:176,2
DA:177,2
DA:178,2
DA:179,2
DA:180,2
DA:181,2
DA:182,2
DA:183,2
DA:184,2
DA:185,2
DA:186,2
DA:187,2
DA:188,2
DA:189,2
DA:190,2
DA:191,2
DA:192,2
DA:193,2
DA:194,2
DA:195,2
DA:196,2
DA:197,2
DA:198,2
DA:199,2
DA:200,2
DA:201,2
DA:202,2
DA:203,2
DA:204,2
DA:216,3
DA:225,4
DA:226,2
DA:227,2
DA:228,2
DA:229,2
DA:230,2
DA:231,2
DA:234,2
DA:235,1
DA:236,1
DA:237,1
DA:238,1
DA:239,1
DA:240,1
DA:243,2
DA:244,2
DA:245,2
DA:246,2
DA:247,2
DA:248,2
DA:249,2
DA:250,2
DA:258,3
DA:263,4
DA:264,2
DA:265,2
DA:268,2
DA:269,1
DA:270,1
DA:273,2
DA:274,2
DA:275,2
DA:276,2
DA:295,3
DA:311,2
DA:312,2
DA:313,2
DA:314,2
DA:315,2
DA:316,4
DA:317,2
DA:318,2
DA:319,2
DA:320,2
DA:321,2
DA:322,2
DA:323,2
DA:324,2
DA:325,2
DA:328,2
DA:329,1
DA:330,1
DA:331,1
DA:332,1
DA:333,1
DA:334,1
DA:335,1
DA:336,1
DA:337,1
DA:338,1
DA:339,1
DA:340,1
DA:341,1
DA:344,2
DA:345,2
DA:346,2
DA:347,2
DA:348,2
DA:349,2
DA:350,2
DA:351,2
DA:352,2
DA:353,2
DA:354,2
DA:355,2
DA:356,2
DA:357,2
DA:358,2
DA:368,3
DA:375,4
DA:376,2
DA:377,2
DA:378,2
DA:379,2
DA:382,2
DA:383,1
DA:384,1
DA:385,1
DA:386,1
DA:389,2
DA:390,2
DA:391,2
DA:392,2
DA:393,2
DA:394,2
DA:402,3
DA:407,2
DA:408,2
DA:409,2
DA:410,2
DA:413,2
DA:414,1
DA:415,1
DA:418,2
DA:419,2
DA:420,2
DA:421,2
DA:435,3
DA:446,4
DA:447,2
DA:448,2
DA:449,2
DA:450,2
DA:451,2
DA:452,2
DA:453,2
DA:454,4
DA:457,2
DA:458,1
DA:459,1
DA:460,1
DA:461,1
DA:462,1
DA:463,1
DA:464,1
DA:465,1
DA:468,4
DA:469,2
DA:470,2
DA:471,2
DA:474,2
DA:475,2
DA:476,2
DA:477,2
DA:478,2
DA:479,2
DA:480,2
DA:481,2
DA:482,2
DA:483,2
DA:492,3
DA:498,4
DA:499,2
DA:500,2
DA:501,2
DA:504,2
DA:505,1
DA:506,1
DA:507,1
DA:510,2
DA:511,2
DA:512,2
DA:513,2
DA:514,2
LF:275
LH:275
end_of_record
SF:lib\data\models\tv_response.dart
DA:11,3
DA:18,4
DA:19,2
DA:21,10
DA:22,2
DA:23,2
DA:26,2
DA:27,1
DA:28,5
DA:29,1
DA:30,1
DA:33,2
DA:34,2
DA:35,2
DA:36,2
DA:37,2
DA:38,2
DA:58,3
DA:75,4
DA:76,2
DA:77,2
DA:78,8
DA:79,2
DA:80,8
DA:81,2
DA:82,2
DA:83,2
DA:84,4
DA:85,2
DA:86,2
DA:87,2
DA:88,4
DA:89,2
DA:92,2
DA:93,1
DA:94,1
DA:95,4
DA:96,1
DA:97,4
DA:98,1
DA:99,1
DA:100,1
DA:101,1
DA:102,1
DA:103,1
DA:104,1
DA:105,1
DA:106,1
DA:109,4
DA:110,2
DA:111,2
DA:114,2
DA:115,2
DA:116,2
DA:117,2
DA:118,2
DA:119,2
DA:120,2
DA:121,2
DA:122,2
DA:123,2
DA:124,2
DA:125,2
DA:126,2
DA:127,2
DA:128,2
DA:129,2
LF:67
LH:67
end_of_record
SF:lib\data\models\tv_season_response.dart
DA:16,3
DA:28,4
DA:29,2
DA:30,2
DA:31,2
DA:32,8
DA:33,2
DA:34,2
DA:35,2
DA:36,2
DA:37,2
DA:38,2
DA:41,2
DA:42,1
DA:43,1
DA:44,5
DA:45,1
DA:46,1
DA:47,1
DA:48,1
DA:49,1
DA:50,1
DA:53,2
DA:54,2
DA:55,2
DA:56,2
DA:57,2
DA:58,2
DA:59,2
DA:60,2
DA:61,2
DA:62,2
DA:63,2
DA:84,3
DA:102,4
DA:103,2
DA:104,2
DA:105,2
DA:106,2
DA:107,2
DA:108,2
DA:109,2
DA:110,2
DA:111,2
DA:112,2
DA:113,2
DA:114,4
DA:115,2
DA:116,6
DA:118,6
DA:121,2
DA:122,1
DA:123,1
DA:124,1
DA:125,1
DA:126,1
DA:127,1
DA:128,1
DA:129,1
DA:130,1
DA:131,1
DA:132,1
DA:133,1
DA:134,1
DA:135,3
DA:136,3
DA:139,4
DA:140,2
DA:141,2
DA:142,2
DA:143,2
DA:144,2
DA:145,2
DA:146,2
DA:149,2
DA:150,2
DA:151,2
DA:152,2
DA:153,2
DA:154,2
DA:155,2
DA:156,2
DA:157,2
DA:158,2
DA:159,2
DA:160,2
DA:161,2
DA:162,2
DA:163,2
DA:164,2
DA:165,2
DA:184,0
DA:200,0
DA:201,0
DA:202,0
DA:203,0
DA:204,0
DA:205,0
DA:206,0
DA:207,0
DA:208,0
DA:209,0
DA:210,0
DA:211,0
DA:212,0
DA:213,0
DA:216,0
DA:217,0
DA:218,0
DA:219,0
DA:220,0
DA:221,0
DA:222,0
DA:223,0
DA:224,0
DA:225,0
DA:226,0
DA:227,0
DA:228,0
DA:229,0
DA:232,0
DA:233,0
DA:234,0
DA:235,0
DA:236,0
DA:237,0
DA:238,0
DA:239,0
DA:240,0
DA:241,0
DA:242,0
DA:243,0
DA:244,0
DA:245,0
DA:246,0
DA:252,0
DA:262,0
DA:264,0
DA:265,0
DA:266,0
LF:140
LH:91
end_of_record
SF:lib\domain\entities\episode.dart
DA:12,4
DA:22,2
DA:23,4
LF:3
LH:3
end_of_record
SF:lib\domain\entities\tv_series.dart
DA:4,12
DA:9,3
DA:10,9
LF:3
LH:3
end_of_record
SF:lib\domain\entities\tv_series_detail.dart
DA:5,4
DA:29,0
DA:30,0
DA:31,0
DA:35,2
DA:36,4
DA:44,4
DA:50,0
DA:51,0
LF:9
LH:4
end_of_record
SF:lib\data\repositories\tv_series_repository_impl.dart
DA:13,1
DA:17,1
DA:20,2
DA:21,5
DA:22,1
DA:23,1
DA:24,3
DA:25,0
DA:26,0
DA:30,1
DA:33,2
DA:34,5
DA:35,1
DA:36,1
DA:37,3
DA:38,0
DA:39,0
DA:43,1
DA:46,2
DA:47,5
DA:48,1
DA:49,1
DA:50,3
DA:51,0
DA:52,0
DA:56,1
DA:59,2
DA:60,2
DA:61,1
DA:62,3
DA:63,0
DA:64,0
DA:68,1
DA:71,2
DA:72,5
DA:73,1
DA:74,1
DA:75,3
DA:76,0
DA:77,0
DA:81,1
DA:84,2
DA:85,5
DA:86,1
DA:87,1
DA:88,3
DA:89,0
DA:90,0
LF:48
LH:36
end_of_record
SF:lib\data\sources\tv_series_remote_data_source.dart
DA:11,1
DA:15,1
DA:17,4
DA:18,2
DA:19,3
DA:21,2
DA:25,1
DA:27,1
DA:28,3
DA:29,2
DA:30,3
DA:32,2
DA:36,1
DA:39,3
DA:40,2
DA:41,3
DA:43,2
DA:47,1
DA:50,3
DA:51,2
DA:52,3
DA:54,2
DA:58,1
DA:61,3
DA:62,2
DA:63,3
DA:65,2
DA:69,1
DA:71,1
DA:72,3
DA:73,2
DA:74,3
DA:76,2
LF:33
LH:33
end_of_record
SF:lib\domain\usecases\get_now_playing_tv_series.dart
DA:8,1
DA:12,1
DA:14,2
LF:3
LH:3
end_of_record
SF:lib\domain\usecases\get_popular_tv_series.dart
DA:7,1
DA:11,1
DA:13,2
LF:3
LH:3
end_of_record
SF:lib\domain\usecases\get_top_rated_tv_series.dart
DA:7,1
DA:11,1
DA:13,2
LF:3
LH:3
end_of_record
SF:lib\domain\usecases\get_tv_series_detail.dart
DA:7,1
DA:11,1
DA:13,2
LF:3
LH:3
end_of_record
SF:lib\domain\usecases\get_tv_series_recommendations.dart
DA:7,1
DA:11,1
DA:13,2
LF:3
LH:3
end_of_record
SF:lib\domain\usecases\get_tv_series_season.dart
DA:7,1
DA:11,1
DA:12,2
LF:3
LH:3
end_of_record
SF:lib\presentation\cubit\now_playing_tv_state.dart
DA:4,4
DA:6,0
DA:7,0
DA:15,2
DA:19,0
DA:20,0
DA:24,2
DA:28,0
DA:29,0
LF:9
LH:3
end_of_record
SF:lib\presentation\cubit\now_playing_tv_cubit.dart
DA:8,0
DA:12,0
DA:13,0
DA:14,0
DA:15,0
DA:16,0
DA:17,0
DA:18,0
LF:8
LH:0
end_of_record
SF:lib\presentation\cubit\popular_tv_state.dart
DA:4,6
DA:6,1
DA:7,1
DA:15,3
DA:19,1
DA:20,2
DA:24,4
DA:28,1
DA:29,2
LF:9
LH:9
end_of_record
SF:lib\presentation\cubit\popular_tv_cubit.dart
DA:8,3
DA:12,1
DA:13,2
DA:14,2
DA:15,2
DA:16,3
DA:17,1
DA:18,2
LF:8
LH:8
end_of_record
SF:lib\presentation\cubit\top_rated_tv_state.dart
DA:4,4
DA:6,0
DA:7,0
DA:15,2
DA:19,0
DA:20,0
DA:24,2
DA:28,0
DA:29,0
LF:9
LH:3
end_of_record
SF:lib\presentation\cubit\top_rated_tv_cubit.dart
DA:8,0
DA:12,0
DA:13,0
DA:14,0
DA:15,0
DA:16,0
DA:17,0
DA:18,0
LF:8
LH:0
end_of_record
SF:lib\presentation\cubit\tv_detail_state.dart
DA:4,1
DA:6,0
DA:7,0
DA:15,1
DA:20,0
DA:21,0
DA:25,0
DA:29,0
DA:30,0
DA:36,0
DA:40,0
DA:41,0
LF:12
LH:2
end_of_record
SF:lib\presentation\cubit\tv_detail_cubit.dart
DA:8,0
DA:11,0
DA:16,0
DA:17,0
DA:19,0
DA:20,0
DA:22,0
DA:23,0
DA:24,0
DA:25,0
DA:26,0
DA:27,0
DA:28,0
DA:30,0
DA:31,0
LF:15
LH:0
end_of_record
SF:lib\presentation\cubit\tv_season_cubit.dart
DA:8,0
DA:12,0
DA:13,0
DA:15,0
DA:16,0
DA:17,0
DA:18,0
DA:20,0
DA:21,0
DA:22,0
DA:24,0
DA:25,0
LF:12
LH:0
end_of_record
SF:lib\presentation\cubit\tv_season_state.dart
DA:4,1
DA:6,0
DA:7,0
DA:15,1
DA:19,0
DA:20,0
DA:24,0
DA:28,0
DA:29,0
LF:9
LH:2
end_of_record
SF:lib\presentation\pages\now_playing_tv_series_page.dart
DA:9,1
DA:11,1
DA:12,1
DA:16,1
DA:18,1
DA:19,1
DA:20,4
DA:24,1
DA:26,1
DA:27,1
DA:30,1
DA:31,1
DA:32,1
DA:36,1
DA:37,1
DA:38,1
DA:39,1
DA:40,1
DA:42,2
DA:52,1
DA:53,1
DA:57,1
DA:58,1
DA:59,1
DA:60,1
DA:61,0
DA:62,0
DA:65,0
DA:68,1
DA:70,1
DA:71,2
DA:72,1
DA:75,0
LF:33
LH:29
end_of_record
SF:lib\presentation\pages\popular_tv_series_page.dart
DA:9,1
DA:11,1
DA:12,1
DA:16,1
DA:18,1
DA:19,1
DA:20,4
DA:24,1
DA:26,1
DA:27,1
DA:30,1
DA:31,1
DA:32,1
DA:36,1
DA:37,1
DA:38,1
DA:39,1
DA:40,1
DA:42,2
DA:52,1
DA:53,1
DA:57,1
DA:58,1
DA:59,1
DA:60,1
DA:61,0
DA:62,0
DA:65,0
DA:68,1
DA:70,1
DA:71,2
DA:72,1
DA:75,0
LF:33
LH:29
end_of_record
SF:lib\presentation\pages\top_rated_tv_series_page.dart
DA:9,1
DA:11,1
DA:12,1
DA:16,1
DA:18,1
DA:19,1
DA:20,4
DA:24,1
DA:26,1
DA:27,1
DA:30,1
DA:31,1
DA:32,1
DA:36,1
DA:37,1
DA:38,1
DA:39,1
DA:40,1
DA:42,2
DA:52,1
DA:53,1
DA:57,1
DA:58,1
DA:59,1
DA:60,1
DA:61,0
DA:62,0
DA:65,0
DA:68,1
DA:70,1
DA:71,2
DA:72,1
DA:75,0
LF:33
LH:29
end_of_record
SF:lib\presentation\pages\tv_series_detail_page.dart
DA:12,1
DA:16,1
DA:17,1
DA:21,1
DA:23,1
DA:25,2
DA:26,5
DA:27,5
DA:31,1
DA:33,1
DA:34,1
DA:35,1
DA:36,1
DA:40,1
DA:41,1
DA:42,2
DA:44,0
DA:45,0
DA:58,1
DA:60,1
DA:61,1
DA:66,2
DA:67,4
DA:71,1
DA:73,3
DA:74,1
DA:75,1
DA:76,1
DA:77,4
DA:79,1
DA:82,0
DA:84,1
DA:86,1
DA:87,1
DA:88,1
DA:98,1
DA:99,1
DA:100,1
DA:102,1
DA:104,1
DA:106,1
DA:107,1
DA:108,3
DA:109,1
DA:111,1
DA:112,4
DA:116,1
DA:117,1
DA:118,1
DA:119,4
DA:121,1
DA:128,1
DA:129,4
DA:135,1
DA:136,3
DA:139,1
DA:141,1
DA:142,1
DA:147,3
DA:148,4
DA:149,1
DA:151,1
DA:153,1
DA:154,1
DA:155,3
DA:156,1
DA:157,2
DA:158,3
DA:159,1
DA:162,1
DA:166,1
DA:168,1
DA:170,1
DA:176,1
DA:178,1
DA:193,1
DA:195,1
DA:198,1
DA:200,0
DA:201,0
DA:210,1
DA:211,1
DA:212,1
DA:213,1
DA:217,1
DA:218,0
DA:219,1
DA:220,1
DA:222,1
DA:224,1
DA:225,2
DA:226,1
DA:228,1
DA:229,0
DA:230,0
DA:233,0
DA:236,1
DA:240,1
DA:242,2
DA:243,1
DA:246,0
DA:253,2
DA:263,1
DA:264,1
DA:265,1
DA:266,2
DA:267,1
DA:268,1
DA:269,1
DA:271,1
DA:272,1
DA:273,2
DA:274,2
DA:277,1
DA:279,1
DA:280,1
DA:281,1
DA:287,1
DA:288,1
DA:289,1
DA:290,1
DA:291,0
DA:292,0
DA:293,0
DA:295,0
DA:298,1
DA:300,1
DA:301,1
DA:305,1
DA:306,1
DA:325,1
DA:327,2
DA:328,2
DA:331,1
DA:335,3
LF:135
LH:121
end_of_record
SF:lib\presentation\widgets\episode_card_list.dart
DA:12,1
DA:18,1
DA:19,1
DA:24,1
DA:26,1
DA:27,2
DA:28,1
DA:29,1
DA:30,5
DA:34,1
DA:36,1
DA:37,1
DA:38,1
DA:42,1
DA:43,2
DA:44,1
DA:45,2
DA:46,1
DA:47,2
DA:48,1
DA:49,1
DA:50,1
DA:52,1
DA:54,1
DA:55,1
DA:56,1
DA:57,1
DA:63,1
DA:65,2
DA:68,1
DA:71,0
DA:78,1
DA:80,1
DA:82,1
DA:83,1
DA:84,1
DA:85,1
DA:88,1
DA:89,6
DA:90,2
DA:102,0
DA:103,0
DA:104,0
DA:113,1
DA:115,1
DA:116,1
DA:117,1
LF:47
LH:43
end_of_record
SF:lib\presentation\pages\tv_series_home_page.dart
DA:8,1
DA:10,1
DA:11,1
DA:15,1
DA:17,1
DA:18,2
DA:19,3
DA:20,3
DA:21,3
DA:25,1
DA:27,1
DA:29,1
DA:30,1
DA:32,1
DA:33,1
DA:35,0
DA:37,1
DA:38,1
DA:39,1
DA:43,1
DA:44,2
DA:45,1
DA:46,1
DA:47,1
DA:54,1
DA:56,0
DA:58,1
DA:59,1
DA:60,1
DA:64,1
DA:65,2
DA:66,1
DA:67,1
DA:68,1
DA:75,1
DA:77,0
DA:79,1
DA:80,1
DA:81,1
DA:85,1
DA:86,2
DA:87,1
DA:88,1
DA:89,1
DA:103,1
DA:104,1
DA:106,1
DA:107,1
DA:109,1
DA:111,1
DA:113,1
DA:115,1
DA:126,1
DA:128,1
DA:130,1
DA:132,1
DA:134,1
DA:135,2
DA:136,1
DA:138,1
DA:139,0
DA:140,0
DA:143,0
DA:146,1
DA:147,2
DA:148,1
DA:149,1
DA:150,2
DA:151,2
DA:152,1
DA:154,0
DA:156,0
DA:158,0
DA:159,0
DA:166,2
LF:75
LH:65
end_of_record
