SF:lib\data\models\genre_model.dart
DA:6,3
DA:14,4
DA:15,2
DA:16,2
DA:19,2
DA:20,1
DA:21,1
DA:24,2
DA:25,6
DA:28,2
DA:29,6
LF:11
LH:11
end_of_record
SF:lib\data\models\movie_detail_model.dart
DA:8,3
DA:54,2
DA:55,2
DA:56,2
DA:57,2
DA:58,2
DA:59,2
DA:60,8
DA:61,2
DA:62,2
DA:63,2
DA:64,2
DA:65,2
DA:66,2
DA:67,4
DA:68,2
DA:69,2
DA:70,2
DA:71,2
DA:72,2
DA:73,2
DA:74,2
DA:75,2
DA:76,4
DA:77,2
DA:80,2
DA:81,1
DA:82,1
DA:83,1
DA:84,5
DA:85,1
DA:86,1
DA:87,1
DA:88,1
DA:89,1
DA:90,1
DA:91,1
DA:92,1
DA:93,1
DA:94,1
DA:95,1
DA:96,1
DA:97,1
DA:98,1
DA:99,1
DA:100,1
DA:101,1
DA:104,2
DA:105,2
DA:106,2
DA:107,2
DA:108,10
DA:109,2
DA:110,2
DA:111,2
DA:112,2
DA:113,2
DA:114,2
DA:115,2
DA:116,2
DA:117,2
DA:121,2
DA:123,2
DA:124,2
DA:125,2
DA:126,2
DA:127,2
DA:128,2
DA:129,2
DA:130,2
DA:131,2
DA:132,2
DA:133,2
DA:134,2
DA:135,2
DA:136,2
DA:137,2
DA:138,2
DA:139,2
DA:140,2
DA:141,2
DA:142,2
DA:143,2
DA:144,2
LF:84
LH:84
end_of_record
SF:lib\data\models\movie_table.dart
DA:12,1
DA:19,2
DA:20,1
DA:21,1
DA:22,1
DA:23,1
DA:26,2
DA:27,1
DA:28,1
DA:29,1
DA:30,1
DA:33,2
DA:34,1
DA:35,1
DA:36,1
DA:37,1
DA:40,2
DA:41,1
DA:42,1
DA:43,1
DA:44,1
DA:47,1
DA:49,5
LF:23
LH:23
end_of_record
SF:lib\domain\entities\genre.dart
DA:4,5
DA:12,2
DA:13,6
LF:3
LH:3
end_of_record
SF:lib\domain\entities\movie.dart
DA:5,7
DA:21,1
DA:42,0
DA:43,0
DA:44,0
DA:47,4
DA:48,4
DA:49,4
DA:50,4
DA:51,4
DA:52,4
DA:53,4
DA:54,4
DA:55,4
DA:56,4
DA:57,4
DA:58,4
DA:59,4
DA:60,4
DA:61,4
LF:20
LH:17
end_of_record
SF:lib\domain\entities\movie_detail.dart
DA:7,5
DA:35,0
DA:36,0
DA:37,0
DA:41,2
DA:42,2
DA:43,2
DA:44,2
DA:45,2
DA:46,2
DA:47,2
DA:48,2
DA:49,2
DA:50,2
DA:51,2
DA:52,2
DA:53,2
LF:17
LH:14
end_of_record
SF:lib\data\models\movie_model.dart
DA:6,4
DA:36,4
DA:37,2
DA:38,2
DA:39,8
DA:40,2
DA:41,2
DA:42,2
DA:43,4
DA:44,2
DA:45,2
DA:46,2
DA:47,2
DA:48,4
DA:49,2
DA:52,2
DA:53,1
DA:54,1
DA:55,4
DA:56,1
DA:57,1
DA:58,1
DA:59,1
DA:60,1
DA:61,1
DA:62,1
DA:63,1
DA:64,1
DA:65,1
DA:68,2
DA:69,2
DA:70,2
DA:71,2
DA:72,2
DA:73,2
DA:74,2
DA:75,2
DA:76,2
DA:77,2
DA:78,2
DA:79,2
DA:80,2
DA:81,2
DA:82,2
DA:86,2
DA:87,2
DA:88,2
DA:89,2
DA:90,2
DA:91,2
DA:92,2
DA:93,2
DA:94,2
DA:95,2
DA:96,2
DA:97,2
DA:98,2
DA:99,2
DA:100,2
LF:59
LH:59
end_of_record
SF:lib\data\models\movie_response.dart
DA:8,2
DA:10,4
DA:11,4
DA:12,6
DA:13,6
DA:16,2
DA:17,5
DA:20,1
DA:21,2
LF:9
LH:9
end_of_record
SF:lib\data\repositories\movie_repository_impl.dart
DA:15,1
DA:17,1
DA:20,2
DA:21,5
DA:22,1
DA:23,2
DA:24,1
DA:25,2
DA:29,1
DA:32,2
DA:33,2
DA:34,1
DA:35,2
DA:36,1
DA:37,2
DA:41,1
DA:44,2
DA:45,3
DA:46,1
DA:47,2
DA:48,1
DA:49,2
DA:53,1
DA:56,2
DA:57,5
DA:58,1
DA:59,2
DA:60,1
DA:61,2
DA:65,1
DA:68,2
DA:69,5
DA:70,1
DA:71,2
DA:72,1
DA:73,2
LF:36
LH:36
end_of_record
SF:lib\data\sources\movie_remote_data_source.dart
DA:26,1
DA:28,1
DA:31,3
DA:33,2
DA:34,4
DA:36,2
DA:40,1
DA:43,4
DA:45,2
DA:46,3
DA:48,2
DA:52,1
DA:54,1
DA:55,3
DA:57,2
DA:58,4
DA:60,2
DA:64,1
DA:67,3
DA:69,2
DA:70,4
DA:72,2
DA:76,1
DA:79,3
DA:81,2
DA:82,4
DA:84,2
LF:27
LH:27
end_of_record
SF:lib\domain\usecases\get_movie_detail.dart
DA:10,1
DA:12,1
DA:13,2
LF:3
LH:3
end_of_record
SF:lib\domain\usecases\get_movie_recommendations.dart
DA:10,1
DA:12,1
DA:13,2
LF:3
LH:3
end_of_record
SF:lib\domain\usecases\get_now_playing_movies.dart
DA:10,1
DA:12,1
DA:13,2
LF:3
LH:3
end_of_record
SF:lib\domain\usecases\get_popular_movies.dart
DA:10,1
DA:12,1
DA:13,2
LF:3
LH:3
end_of_record
SF:lib\domain\usecases\get_top_rated_movies.dart
DA:10,1
DA:12,1
DA:13,2
LF:3
LH:3
end_of_record
SF:lib\presentation\cubit\movie_detail_state.dart
DA:4,1
DA:6,0
DA:7,0
DA:15,1
DA:20,0
DA:21,0
DA:25,0
DA:29,0
DA:30,0
DA:36,0
DA:40,0
DA:41,0
LF:12
LH:2
end_of_record
SF:lib\presentation\cubit\movie_detail_cubit.dart
DA:8,0
DA:11,0
DA:16,0
DA:17,0
DA:18,0
DA:19,0
DA:20,0
DA:21,0
DA:22,0
DA:23,0
DA:24,0
DA:25,0
DA:26,0
DA:28,0
DA:29,0
LF:15
LH:0
end_of_record
SF:lib\presentation\cubit\now_playing_movies_state.dart
DA:4,4
DA:6,1
DA:7,1
DA:15,2
DA:19,1
DA:20,2
DA:24,3
DA:28,1
DA:29,2
LF:9
LH:9
end_of_record
SF:lib\presentation\cubit\now_playing_movies_cubit.dart
DA:8,1
DA:9,2
DA:13,1
DA:14,2
DA:15,2
DA:16,2
DA:17,3
DA:18,1
DA:19,2
LF:9
LH:9
end_of_record
SF:lib\presentation\cubit\popular_movies_state.dart
DA:4,2
DA:6,0
DA:7,0
DA:15,1
DA:19,0
DA:20,0
DA:24,1
DA:28,0
DA:29,0
LF:9
LH:3
end_of_record
SF:lib\presentation\cubit\popular_movies_cubit.dart
DA:8,0
DA:12,0
DA:13,0
DA:14,0
DA:15,0
DA:16,0
DA:17,0
DA:18,0
LF:8
LH:0
end_of_record
SF:lib\presentation\cubit\top_rated_movies_cubit.dart
DA:8,0
DA:12,0
DA:13,0
DA:14,0
DA:15,0
DA:16,0
DA:17,0
DA:18,0
LF:8
LH:0
end_of_record
SF:lib\presentation\cubit\top_rated_movies_state.dart
DA:4,2
DA:6,0
DA:7,0
DA:15,1
DA:19,0
DA:20,0
DA:24,1
DA:28,0
DA:29,0
LF:9
LH:3
end_of_record
SF:lib\presentation\pages\home_movie_page.dart
DA:9,0
DA:11,0
DA:12,0
DA:23,0
DA:24,0
DA:25,0
DA:29,0
DA:31,0
DA:32,0
DA:33,0
DA:34,0
DA:35,0
DA:39,0
DA:41,0
DA:42,0
DA:43,0
DA:44,0
DA:52,0
DA:55,0
DA:56,0
DA:59,0
DA:62,0
DA:63,0
DA:66,0
DA:67,0
DA:68,0
DA:76,0
DA:78,0
DA:79,0
DA:80,0
DA:81,0
DA:87,0
DA:88,0
DA:93,0
DA:94,0
DA:98,0
DA:99,0
DA:101,0
DA:103,0
DA:104,0
DA:105,0
DA:116,0
DA:118,0
DA:127,12
DA:129,0
DA:131,0
DA:133,0
DA:134,0
DA:136,0
DA:137,0
DA:139,0
DA:140,0
DA:142,0
DA:143,0
DA:144,0
DA:148,0
DA:149,0
DA:150,0
DA:151,0
DA:156,0
DA:158,0
DA:160,0
DA:161,0
DA:162,0
DA:166,0
DA:167,0
DA:168,0
DA:169,0
DA:174,0
DA:176,0
DA:178,0
DA:179,0
DA:180,0
DA:184,0
DA:185,0
DA:186,0
DA:187,0
DA:199,0
DA:200,0
DA:202,0
DA:203,0
DA:205,0
DA:207,0
DA:222,0
DA:224,0
DA:226,0
DA:228,0
DA:230,0
DA:231,0
DA:232,0
DA:234,0
DA:235,0
DA:236,0
DA:239,0
DA:242,0
DA:244,0
DA:245,0
DA:246,0
DA:249,0
DA:255,0
LF:100
LH:1
end_of_record
SF:lib\presentation\pages\movie_detail_page.dart
DA:13,1
DA:17,1
DA:18,1
DA:22,1
DA:24,1
DA:25,2
DA:26,5
DA:27,5
DA:31,1
DA:33,1
DA:34,1
DA:35,1
DA:36,1
DA:40,1
DA:41,1
DA:42,2
DA:44,0
DA:45,0
DA:58,1
DA:60,1
DA:62,3
DA:63,1
DA:64,1
DA:65,1
DA:66,3
DA:68,1
DA:71,0
DA:73,1
DA:75,1
DA:76,1
DA:77,1
DA:87,1
DA:88,1
DA:89,1
DA:91,1
DA:93,1
DA:95,1
DA:96,1
DA:97,2
DA:98,1
DA:100,1
DA:101,1
DA:102,3
DA:104,1
DA:105,3
DA:107,1
DA:108,1
DA:109,1
DA:110,3
DA:112,1
DA:118,4
DA:122,1
DA:124,1
DA:126,1
DA:127,2
DA:130,1
DA:132,1
DA:134,1
DA:139,1
DA:141,1
DA:156,1
DA:158,1
DA:161,1
DA:163,0
DA:164,0
DA:173,1
DA:174,1
DA:175,1
DA:176,1
DA:180,1
DA:181,0
DA:182,1
DA:183,1
DA:185,1
DA:187,1
DA:188,2
DA:189,1
DA:191,1
DA:192,0
DA:193,0
DA:196,0
DA:199,1
DA:203,1
DA:205,2
DA:206,1
DA:209,0
DA:216,2
DA:226,1
DA:227,1
DA:228,1
DA:229,2
DA:230,1
DA:231,1
DA:232,1
DA:234,1
DA:235,1
DA:236,2
DA:237,2
DA:240,1
DA:242,1
DA:243,1
DA:244,1
DA:250,1
DA:251,1
DA:252,1
DA:253,1
DA:254,0
DA:255,0
DA:256,0
DA:258,0
DA:261,1
DA:263,1
DA:264,1
DA:285,1
DA:287,2
DA:288,3
DA:291,1
DA:295,3
DA:298,1
DA:299,1
DA:300,1
DA:302,1
DA:303,1
DA:305,0
LF:124
LH:109
end_of_record
SF:lib\presentation\pages\now_playing_movies_page.dart
DA:8,1
DA:10,1
DA:11,1
DA:15,1
DA:17,1
DA:18,1
DA:19,4
DA:23,1
DA:25,1
DA:26,1
DA:29,1
DA:31,1
DA:32,1
DA:33,1
DA:37,1
DA:38,1
DA:39,1
DA:40,2
DA:41,1
DA:43,2
DA:45,1
DA:46,1
DA:48,2
LF:23
LH:23
end_of_record
SF:lib\presentation\pages\popular_movies_page.dart
DA:8,1
DA:10,1
DA:11,1
DA:15,1
DA:17,1
DA:18,1
DA:19,4
DA:23,1
DA:25,1
DA:26,1
DA:29,1
DA:31,1
DA:32,1
DA:33,1
DA:37,1
DA:38,1
DA:39,1
DA:40,2
DA:41,1
DA:43,2
DA:45,1
DA:46,1
DA:48,2
LF:23
LH:23
end_of_record
SF:lib\presentation\pages\top_rated_movies_page.dart
DA:8,1
DA:10,1
DA:11,1
DA:15,1
DA:17,1
DA:18,1
DA:19,4
DA:23,1
DA:25,1
DA:26,1
DA:29,1
DA:31,1
DA:32,1
DA:33,1
DA:37,1
DA:38,1
DA:39,1
DA:40,2
DA:41,1
DA:43,2
DA:45,1
DA:46,1
DA:48,2
LF:23
LH:23
end_of_record
SF:lib\presentation\widgets\movie_card_list.dart
DA:10,3
DA:12,3
DA:14,3
DA:16,3
DA:17,0
DA:18,0
DA:21,0
DA:24,3
DA:26,3
DA:27,3
DA:28,3
DA:34,3
DA:36,3
DA:37,3
DA:38,6
DA:41,3
DA:44,3
DA:45,6
DA:48,6
DA:54,3
DA:59,3
DA:60,3
DA:61,9
DA:63,6
DA:64,3
DA:66,0
DA:68,6
LF:27
LH:23
end_of_record
