SF:lib\data\models\watchlist_table.dart
DA:6,11
DA:16,4
DA:17,2
DA:18,2
DA:19,2
DA:22,4
DA:23,2
DA:24,2
DA:25,2
DA:28,4
DA:29,2
DA:30,2
DA:31,2
DA:34,4
DA:35,2
DA:36,2
DA:37,2
DA:40,3
DA:41,6
LF:19
LH:19
end_of_record
SF:lib\domain\entities\watchlist.dart
DA:4,9
DA:14,3
DA:15,6
LF:3
LH:3
end_of_record
SF:lib\data\repositories\watchlist_repository_impl.dart
DA:10,1
DA:14,1
DA:17,2
DA:18,5
DA:19,1
DA:20,3
DA:24,1
DA:26,2
DA:30,1
DA:33,2
DA:34,1
DA:35,1
DA:36,3
DA:40,1
DA:43,1
DA:44,2
DA:45,1
DA:46,1
DA:47,3
LF:19
LH:19
end_of_record
SF:lib\data\sources\watchlist_data_source.dart
DA:8,1
DA:12,1
DA:14,2
DA:16,1
DA:22,1
DA:25,2
DA:26,4
DA:27,0
DA:28,0
DA:32,1
DA:35,2
DA:36,1
DA:39,0
DA:41,1
DA:42,2
DA:46,1
DA:49,2
DA:50,1
DA:53,0
DA:55,1
DA:56,2
LF:21
LH:17
end_of_record
SF:lib\data\sources\database_helper.dart
DA:10,1
DA:14,2
DA:18,1
DA:19,1
DA:25,1
DA:26,1
DA:27,1
DA:29,2
DA:33,1
DA:34,1
DA:43,1
DA:44,1
DA:45,2
DA:48,1
DA:49,1
DA:50,1
DA:53,1
DA:57,1
DA:58,1
DA:59,1
DA:62,1
DA:65,1
DA:66,0
DA:72,1
DA:73,1
DA:74,1
LF:26
LH:25
end_of_record
SF:lib\domain\usecases\get_watchlist.dart
DA:9,1
DA:11,1
DA:12,2
LF:3
LH:3
end_of_record
SF:lib\domain\usecases\get_watchlist_status.dart
DA:6,1
DA:8,1
DA:9,2
LF:3
LH:3
end_of_record
SF:lib\domain\usecases\remove_watchlist.dart
DA:8,1
DA:10,1
DA:11,2
LF:3
LH:3
end_of_record
SF:lib\domain\usecases\save_watchlist.dart
DA:9,1
DA:11,1
DA:12,2
LF:3
LH:3
end_of_record
SF:lib\presentation\cubit\watchlist_state.dart
DA:4,4
DA:6,1
DA:7,1
DA:15,3
DA:19,1
DA:20,2
DA:24,3
DA:28,1
DA:29,2
DA:33,2
DA:37,1
DA:38,2
DA:42,2
DA:46,1
DA:47,2
LF:15
LH:15
end_of_record
SF:lib\presentation\cubit\watchlist_cubit.dart
DA:8,1
DA:13,2
DA:20,1
DA:21,2
DA:22,2
DA:23,2
DA:24,3
DA:25,1
DA:26,2
DA:30,1
DA:31,2
DA:32,2
DA:35,1
DA:36,2
DA:37,2
DA:38,3
DA:39,1
DA:40,2
DA:42,2
DA:45,1
DA:46,2
DA:47,2
DA:48,3
DA:49,1
DA:50,2
DA:52,1
LF:26
LH:26
end_of_record
SF:lib\presentation\pages\watchlist_page.dart
DA:9,1
DA:11,1
DA:12,1
DA:16,1
DA:18,1
DA:19,1
DA:20,4
DA:24,1
DA:26,1
DA:27,4
DA:30,0
DA:32,0
DA:35,1
DA:37,1
DA:38,1
DA:41,1
DA:42,1
DA:43,1
DA:47,1
DA:48,1
DA:49,1
DA:50,1
DA:54,1
DA:55,1
DA:56,1
DA:57,1
DA:58,0
DA:59,0
DA:60,0
DA:63,0
DA:65,0
DA:68,0
DA:71,1
DA:74,1
DA:75,2
DA:76,1
DA:79,0
DA:90,1
DA:91,1
DA:93,2
DA:103,1
DA:105,2
DA:106,1
LF:43
LH:34
end_of_record
