SF:lib\movies\data\models\movie_table.dart
DA:11,1
DA:18,2
DA:19,1
DA:20,1
DA:21,1
DA:22,1
DA:25,2
DA:26,1
DA:27,1
DA:28,1
DA:29,1
DA:32,2
DA:33,1
DA:34,1
DA:35,1
DA:36,1
DA:39,2
DA:40,1
DA:41,1
DA:42,1
DA:43,1
DA:46,1
DA:48,5
LF:23
LH:23
end_of_record
SF:lib\movies\domain\entities\genre.dart
DA:4,6
DA:12,2
DA:13,6
LF:3
LH:3
end_of_record
SF:lib\movies\domain\entities\movie.dart
DA:5,7
DA:21,1
DA:42,0
DA:43,0
DA:44,0
DA:47,3
DA:48,3
DA:49,3
DA:50,3
DA:51,3
DA:52,3
DA:53,3
DA:54,3
DA:55,3
DA:56,3
DA:57,3
DA:58,3
DA:59,3
DA:60,3
DA:61,3
LF:20
LH:17
end_of_record
SF:lib\movies\domain\entities\movie_detail.dart
DA:7,6
DA:35,2
DA:36,1
DA:37,1
DA:38,1
DA:41,2
DA:42,2
DA:43,2
DA:44,2
DA:45,2
DA:46,2
DA:47,2
DA:48,2
DA:49,2
DA:50,2
DA:51,2
DA:52,2
DA:53,2
LF:18
LH:18
end_of_record
SF:lib\movies\data\models\genre_model.dart
DA:5,3
DA:13,4
DA:14,2
DA:15,2
DA:18,2
DA:19,1
DA:20,1
DA:23,2
DA:24,6
DA:27,2
DA:28,6
LF:11
LH:11
end_of_record
SF:lib\movies\data\models\movie_detail_model.dart
DA:6,3
DA:52,2
DA:53,2
DA:54,2
DA:55,2
DA:56,2
DA:57,2
DA:58,8
DA:59,2
DA:60,2
DA:61,2
DA:62,2
DA:63,2
DA:64,2
DA:65,4
DA:66,2
DA:67,2
DA:68,2
DA:69,2
DA:70,2
DA:71,2
DA:72,2
DA:73,2
DA:74,4
DA:75,2
DA:78,2
DA:79,1
DA:80,1
DA:81,1
DA:82,5
DA:83,1
DA:84,1
DA:85,1
DA:86,1
DA:87,1
DA:88,1
DA:89,1
DA:90,1
DA:91,1
DA:92,1
DA:93,1
DA:94,1
DA:95,1
DA:96,1
DA:97,1
DA:98,1
DA:99,1
DA:102,2
DA:103,2
DA:104,2
DA:105,2
DA:106,10
DA:107,2
DA:108,2
DA:109,2
DA:110,2
DA:111,2
DA:112,2
DA:113,2
DA:114,2
DA:115,2
DA:119,2
DA:121,2
DA:122,2
DA:123,2
DA:124,2
DA:125,2
DA:126,2
DA:127,2
DA:128,2
DA:129,2
DA:130,2
DA:131,2
DA:132,2
DA:133,2
DA:134,2
DA:135,2
DA:136,2
DA:137,2
DA:138,2
DA:139,2
DA:140,2
DA:141,2
DA:142,2
LF:84
LH:84
end_of_record
SF:lib\search\data\models\search_response.dart
DA:10,2
DA:17,4
DA:18,2
DA:20,10
DA:21,2
DA:22,2
DA:25,2
DA:26,1
DA:27,5
DA:28,1
DA:29,1
DA:32,1
DA:33,5
DA:57,2
DA:79,4
DA:80,2
DA:81,2
DA:82,2
DA:83,2
DA:84,2
DA:85,8
DA:86,2
DA:87,2
DA:88,2
DA:89,2
DA:90,0
DA:91,8
DA:92,4
DA:93,2
DA:94,2
DA:95,4
DA:96,2
DA:97,2
DA:98,2
DA:99,2
DA:100,2
DA:102,0
DA:105,2
DA:106,1
DA:107,1
DA:108,1
DA:109,1
DA:110,1
DA:111,4
DA:112,1
DA:113,1
DA:114,1
DA:116,5
DA:117,1
DA:118,1
DA:119,1
DA:120,1
DA:121,1
DA:122,1
DA:123,1
DA:124,1
DA:125,1
DA:126,1
DA:127,0
DA:130,4
DA:131,2
DA:132,2
DA:133,2
DA:134,2
DA:135,2
DA:138,1
DA:139,1
DA:140,1
DA:141,1
DA:142,1
DA:143,1
DA:144,1
DA:145,1
DA:146,1
DA:147,1
DA:148,1
DA:149,1
DA:150,1
DA:151,1
DA:152,1
DA:153,1
DA:154,1
DA:155,1
DA:156,1
DA:157,1
DA:158,1
DA:164,8
DA:174,2
DA:176,1
DA:177,5
DA:178,1
LF:91
LH:88
end_of_record
SF:lib\search\domain\entities\search.dart
DA:5,6
DA:19,2
DA:20,4
LF:3
LH:3
end_of_record
SF:lib\tv_series\domain\entities\tv_series.dart
DA:4,16
DA:9,2
DA:10,6
LF:3
LH:3
end_of_record
SF:lib\watchlist\domain\entities\watchlist.dart
DA:4,8
DA:14,4
DA:15,8
LF:3
LH:3
end_of_record
SF:lib\movies\data\models\movie_model.dart
DA:5,4
DA:35,4
DA:36,2
DA:37,2
DA:38,8
DA:39,2
DA:40,2
DA:41,2
DA:42,4
DA:43,2
DA:44,2
DA:45,2
DA:46,2
DA:47,4
DA:48,2
DA:51,2
DA:52,1
DA:53,1
DA:54,4
DA:55,1
DA:56,1
DA:57,1
DA:58,1
DA:59,1
DA:60,1
DA:61,1
DA:62,1
DA:63,1
DA:64,1
DA:67,2
DA:68,2
DA:69,2
DA:70,2
DA:71,2
DA:72,2
DA:73,2
DA:74,2
DA:75,2
DA:76,2
DA:77,2
DA:78,2
DA:79,2
DA:80,2
DA:81,2
DA:85,2
DA:86,2
DA:87,2
DA:88,2
DA:89,2
DA:90,2
DA:91,2
DA:92,2
DA:93,2
DA:94,2
DA:95,2
DA:96,2
DA:97,2
DA:98,2
DA:99,2
LF:59
LH:59
end_of_record
SF:lib\movies\data\models\movie_response.dart
DA:7,2
DA:9,4
DA:10,4
DA:11,6
DA:12,6
DA:15,2
DA:16,5
DA:19,1
DA:20,2
LF:9
LH:9
end_of_record
SF:lib\core\errors\failure.dart
DA:6,19
DA:8,0
DA:10,4
DA:11,8
DA:15,28
DA:19,2
DA:23,14
LF:7
LH:6
end_of_record
SF:lib\movies\data\sources\movie_remote_data_source.dart
DA:22,1
DA:24,1
DA:27,3
DA:29,2
DA:30,4
DA:32,2
DA:36,1
DA:39,4
DA:41,2
DA:42,3
DA:44,2
DA:48,1
DA:50,1
DA:51,3
DA:53,2
DA:54,4
DA:56,2
DA:60,1
DA:63,3
DA:65,2
DA:66,4
DA:68,2
DA:72,1
DA:75,3
DA:77,2
DA:78,4
DA:80,2
LF:27
LH:27
end_of_record
SF:lib\search\data\sources\search_data_source.dart
DA:10,1
DA:14,1
DA:17,1
DA:18,3
DA:20,2
DA:21,3
DA:22,1
DA:23,3
DA:24,1
DA:27,0
DA:29,1
DA:30,2
LF:12
LH:11
end_of_record
SF:lib\tv_series\data\models\tv_detail_response.dart
DA:38,3
DA:73,2
DA:74,2
DA:75,2
DA:76,2
DA:77,2
DA:78,8
DA:79,8
DA:80,2
DA:81,10
DA:82,2
DA:83,2
DA:84,2
DA:85,8
DA:86,2
DA:88,4
DA:89,2
DA:90,4
DA:91,2
DA:92,8
DA:93,2
DA:94,2
DA:95,8
DA:96,2
DA:97,2
DA:98,2
DA:99,4
DA:100,2
DA:101,2
DA:102,8
DA:103,2
DA:104,2
DA:105,6
DA:107,10
DA:108,2
DA:109,8
DA:110,2
DA:111,2
DA:112,2
DA:113,4
DA:114,2
DA:117,2
DA:118,1
DA:119,1
DA:120,5
DA:121,4
DA:122,1
DA:123,5
DA:124,1
DA:125,1
DA:126,1
DA:127,4
DA:128,1
DA:129,2
DA:130,1
DA:131,2
DA:132,5
DA:133,1
DA:134,1
DA:135,4
DA:136,1
DA:137,1
DA:138,1
DA:139,1
DA:140,1
DA:142,5
DA:144,5
DA:145,5
DA:147,5
DA:148,1
DA:149,1
DA:150,1
DA:151,1
DA:152,1
DA:155,4
DA:156,2
DA:157,2
DA:158,2
DA:159,4
DA:160,2
DA:161,2
DA:162,10
DA:163,2
DA:164,10
DA:165,2
DA:168,2
DA:169,2
DA:170,2
DA:171,2
DA:172,2
DA:173,2
DA:174,2
DA:175,2
DA:176,2
DA:177,2
DA:178,2
DA:179,2
DA:180,2
DA:181,2
DA:182,2
DA:183,2
DA:184,2
DA:185,2
DA:186,2
DA:187,2
DA:188,2
DA:189,2
DA:190,2
DA:191,2
DA:192,2
DA:193,2
DA:194,2
DA:195,2
DA:196,2
DA:197,2
DA:198,2
DA:199,2
DA:200,2
DA:201,2
DA:213,3
DA:222,4
DA:223,2
DA:224,2
DA:225,2
DA:226,2
DA:227,2
DA:228,2
DA:231,2
DA:232,1
DA:233,1
DA:234,1
DA:235,1
DA:236,1
DA:237,1
DA:240,2
DA:241,2
DA:242,2
DA:243,2
DA:244,2
DA:245,2
DA:246,2
DA:247,2
DA:255,3
DA:260,4
DA:261,2
DA:262,2
DA:265,2
DA:266,1
DA:267,1
DA:270,2
DA:271,2
DA:272,2
DA:273,2
DA:292,3
DA:308,2
DA:309,2
DA:310,2
DA:311,2
DA:312,2
DA:313,4
DA:314,2
DA:315,2
DA:316,2
DA:317,2
DA:318,2
DA:319,2
DA:320,2
DA:321,2
DA:322,2
DA:325,2
DA:326,1
DA:327,1
DA:328,1
DA:329,1
DA:330,1
DA:331,1
DA:332,1
DA:333,1
DA:334,1
DA:335,1
DA:336,1
DA:337,1
DA:338,1
DA:341,2
DA:342,2
DA:343,2
DA:344,2
DA:345,2
DA:346,2
DA:347,2
DA:348,2
DA:349,2
DA:350,2
DA:351,2
DA:352,2
DA:353,2
DA:354,2
DA:355,2
DA:365,3
DA:372,4
DA:373,2
DA:374,2
DA:375,2
DA:376,2
DA:379,2
DA:380,1
DA:381,1
DA:382,1
DA:383,1
DA:386,2
DA:387,2
DA:388,2
DA:389,2
DA:390,2
DA:391,2
DA:399,3
DA:404,2
DA:405,2
DA:406,2
DA:407,2
DA:410,2
DA:411,1
DA:412,1
DA:415,2
DA:416,2
DA:417,2
DA:418,2
DA:432,3
DA:443,4
DA:444,2
DA:445,2
DA:446,2
DA:447,2
DA:448,2
DA:449,2
DA:450,2
DA:451,4
DA:454,2
DA:455,1
DA:456,1
DA:457,1
DA:458,1
DA:459,1
DA:460,1
DA:461,1
DA:462,1
DA:465,4
DA:466,2
DA:467,2
DA:468,2
DA:471,2
DA:472,2
DA:473,2
DA:474,2
DA:475,2
DA:476,2
DA:477,2
DA:478,2
DA:479,2
DA:480,2
DA:489,3
DA:495,4
DA:496,2
DA:497,2
DA:498,2
DA:501,2
DA:502,1
DA:503,1
DA:504,1
DA:507,2
DA:508,2
DA:509,2
DA:510,2
DA:511,2
LF:274
LH:274
end_of_record
SF:lib\tv_series\data\models\tv_response.dart
DA:10,3
DA:17,4
DA:18,2
DA:20,10
DA:21,2
DA:22,2
DA:25,2
DA:26,1
DA:27,5
DA:28,1
DA:29,1
DA:32,2
DA:33,2
DA:34,2
DA:35,2
DA:36,2
DA:37,2
DA:57,3
DA:74,4
DA:75,2
DA:76,2
DA:77,8
DA:78,2
DA:79,8
DA:80,2
DA:81,2
DA:82,2
DA:83,4
DA:84,2
DA:85,2
DA:86,2
DA:87,4
DA:88,2
DA:91,2
DA:92,1
DA:93,1
DA:94,4
DA:95,1
DA:96,4
DA:97,1
DA:98,1
DA:99,1
DA:100,1
DA:101,1
DA:102,1
DA:103,1
DA:104,1
DA:105,1
DA:108,4
DA:109,2
DA:110,2
DA:113,2
DA:114,2
DA:115,2
DA:116,2
DA:117,2
DA:118,2
DA:119,2
DA:120,2
DA:121,2
DA:122,2
DA:123,2
DA:124,2
DA:125,2
DA:126,2
DA:127,2
DA:128,2
LF:67
LH:67
end_of_record
SF:lib\tv_series\data\models\tv_season_response.dart
DA:15,3
DA:27,4
DA:28,2
DA:29,2
DA:30,2
DA:31,8
DA:32,2
DA:33,2
DA:34,2
DA:35,2
DA:36,2
DA:37,2
DA:40,2
DA:41,1
DA:42,1
DA:43,5
DA:44,1
DA:45,1
DA:46,1
DA:47,1
DA:48,1
DA:49,1
DA:52,2
DA:53,2
DA:54,2
DA:55,2
DA:56,2
DA:57,2
DA:58,2
DA:59,2
DA:60,2
DA:61,2
DA:62,2
DA:83,3
DA:101,4
DA:102,2
DA:103,2
DA:104,2
DA:105,2
DA:106,2
DA:107,2
DA:108,2
DA:109,2
DA:110,2
DA:111,2
DA:112,2
DA:113,4
DA:114,2
DA:115,6
DA:117,6
DA:120,2
DA:121,1
DA:122,1
DA:123,1
DA:124,1
DA:125,1
DA:126,1
DA:127,1
DA:128,1
DA:129,1
DA:130,1
DA:131,1
DA:132,1
DA:133,1
DA:134,3
DA:135,3
DA:138,4
DA:139,2
DA:140,2
DA:141,2
DA:142,2
DA:143,2
DA:144,2
DA:145,2
DA:148,2
DA:149,2
DA:150,2
DA:151,2
DA:152,2
DA:153,2
DA:154,2
DA:155,2
DA:156,2
DA:157,2
DA:158,2
DA:159,2
DA:160,2
DA:161,2
DA:162,2
DA:163,2
DA:164,2
DA:183,0
DA:199,0
DA:200,0
DA:201,0
DA:202,0
DA:203,0
DA:204,0
DA:205,0
DA:206,0
DA:207,0
DA:208,0
DA:209,0
DA:210,0
DA:211,0
DA:212,0
DA:215,0
DA:216,0
DA:217,0
DA:218,0
DA:219,0
DA:220,0
DA:221,0
DA:222,0
DA:223,0
DA:224,0
DA:225,0
DA:226,0
DA:227,0
DA:228,0
DA:231,0
DA:232,0
DA:233,0
DA:234,0
DA:235,0
DA:236,0
DA:237,0
DA:238,0
DA:239,0
DA:240,0
DA:241,0
DA:242,0
DA:243,0
DA:244,0
DA:245,0
DA:251,0
DA:261,0
DA:263,0
DA:264,0
DA:265,0
LF:140
LH:91
end_of_record
SF:lib\tv_series\data\sources\tv_series_remote_data_source.dart
DA:11,1
DA:15,1
DA:17,4
DA:18,2
DA:19,3
DA:21,2
DA:25,1
DA:27,1
DA:28,3
DA:29,2
DA:30,3
DA:32,2
DA:36,1
DA:39,3
DA:40,2
DA:41,3
DA:43,2
DA:47,1
DA:50,3
DA:51,2
DA:52,3
DA:54,2
DA:58,1
DA:61,3
DA:62,2
DA:63,3
DA:65,2
DA:69,1
DA:72,4
DA:73,2
DA:74,3
DA:76,2
LF:32
LH:32
end_of_record
SF:lib\tv_series\domain\entities\episode.dart
DA:12,5
DA:22,2
DA:23,4
LF:3
LH:3
end_of_record
SF:lib\tv_series\domain\entities\tv_series_detail.dart
DA:6,5
DA:30,2
DA:31,1
DA:32,1
DA:33,1
DA:36,2
DA:37,4
DA:45,5
DA:51,0
DA:52,0
LF:10
LH:8
end_of_record
SF:lib\watchlist\data\models\watchlist_table.dart
DA:5,4
DA:15,4
DA:16,2
DA:17,2
DA:18,2
DA:21,4
DA:22,2
DA:23,2
DA:24,2
DA:27,4
DA:28,2
DA:29,2
DA:30,2
DA:33,4
DA:34,2
DA:35,2
DA:36,2
DA:39,3
DA:40,6
LF:19
LH:19
end_of_record
SF:lib\watchlist\data\sources\database_helper.dart
DA:8,1
DA:12,2
DA:16,1
DA:18,1
DA:25,1
DA:26,1
DA:27,1
DA:29,2
DA:33,0
DA:34,0
DA:43,1
DA:44,1
DA:45,2
DA:48,1
DA:49,1
DA:50,1
DA:53,1
DA:57,1
DA:58,1
DA:59,1
DA:62,1
DA:65,1
DA:66,0
DA:72,1
DA:73,1
DA:74,1
LF:26
LH:23
end_of_record
SF:lib\watchlist\data\sources\watchlist_data_source.dart
DA:7,1
DA:11,1
DA:13,2
DA:15,1
DA:21,1
DA:24,2
DA:25,4
DA:26,0
DA:27,0
DA:31,1
DA:34,2
DA:35,1
DA:38,0
DA:40,1
DA:41,2
DA:45,1
DA:48,2
DA:49,1
DA:52,0
DA:54,1
DA:55,2
LF:21
LH:17
end_of_record
SF:lib\core\errors\exception.dart
DA:2,6
DA:8,2
LF:2
LH:2
end_of_record
SF:lib\movies\data\repositories\movie_repository_impl.dart
DA:14,1
DA:16,1
DA:19,2
DA:20,5
DA:21,1
DA:22,2
DA:23,1
DA:24,2
DA:28,1
DA:31,2
DA:32,2
DA:33,1
DA:34,2
DA:35,1
DA:36,2
DA:40,1
DA:43,2
DA:44,3
DA:45,1
DA:46,2
DA:47,1
DA:48,2
DA:52,1
DA:55,2
DA:56,5
DA:57,1
DA:58,2
DA:59,1
DA:60,2
DA:64,1
DA:67,2
DA:68,5
DA:69,1
DA:70,2
DA:71,1
DA:72,2
LF:36
LH:36
end_of_record
SF:lib\core\utils\constants.dart
DA:20,6
DA:21,3
DA:22,15
DA:24,3
DA:26,6
DA:30,3
DA:31,1
DA:32,1
DA:33,1
DA:34,1
LF:10
LH:10
end_of_record
SF:lib\movies\domain\usecases\get_movie_detail.dart
DA:9,1
DA:11,1
DA:12,2
LF:3
LH:3
end_of_record
SF:lib\movies\domain\usecases\get_movie_recommendations.dart
DA:9,1
DA:11,1
DA:12,2
LF:3
LH:3
end_of_record
SF:lib\movies\domain\usecases\get_now_playing_movies.dart
DA:9,1
DA:11,1
DA:12,2
LF:3
LH:3
end_of_record
SF:lib\movies\domain\usecases\get_popular_movies.dart
DA:9,1
DA:11,1
DA:12,2
LF:3
LH:3
end_of_record
SF:lib\movies\domain\usecases\get_top_rated_movies.dart
DA:9,1
DA:11,1
DA:12,2
LF:3
LH:3
end_of_record
SF:lib\movies\presentation\pages\movie_detail_page.dart
DA:16,1
DA:18,1
DA:19,1
DA:23,1
DA:25,1
DA:26,2
DA:27,2
DA:28,3
DA:29,2
DA:30,3
DA:34,1
DA:36,1
DA:37,1
DA:38,1
DA:39,2
DA:40,0
DA:41,0
DA:43,2
DA:44,1
DA:45,1
DA:46,1
DA:48,1
DA:49,1
DA:53,0
DA:66,1
DA:68,1
DA:70,3
DA:71,1
DA:72,1
DA:73,1
DA:74,3
DA:76,2
DA:77,1
DA:79,0
DA:81,1
DA:83,1
DA:84,1
DA:85,1
DA:86,1
DA:88,2
DA:95,1
DA:96,1
DA:97,1
DA:99,1
DA:101,1
DA:103,1
DA:104,1
DA:105,2
DA:106,1
DA:108,1
DA:109,1
DA:110,1
DA:111,1
DA:114,2
DA:116,0
DA:119,0
DA:123,1
DA:125,1
DA:127,1
DA:128,1
DA:129,2
DA:130,2
DA:132,1
DA:134,1
DA:135,1
DA:136,1
DA:141,1
DA:143,1
DA:144,1
DA:145,1
DA:146,1
DA:147,1
DA:151,1
DA:152,3
DA:154,1
DA:155,3
DA:157,1
DA:158,1
DA:159,1
DA:160,3
DA:162,2
DA:168,4
DA:171,1
DA:172,1
DA:174,1
DA:176,1
DA:177,2
DA:179,1
DA:180,1
DA:182,1
DA:184,1
DA:185,1
DA:186,2
DA:188,0
DA:189,0
DA:191,2
DA:193,0
DA:194,2
DA:196,1
DA:198,1
DA:200,0
DA:201,0
DA:202,0
DA:204,0
DA:205,0
DA:206,0
DA:209,0
DA:212,0
DA:213,0
DA:214,0
DA:216,0
DA:218,0
DA:219,0
DA:220,0
DA:222,0
DA:225,0
DA:226,0
DA:232,2
DA:236,0
DA:244,1
DA:246,1
DA:261,1
DA:263,1
DA:266,1
DA:267,1
DA:268,0
DA:269,0
DA:278,1
DA:280,2
DA:281,3
DA:284,1
DA:288,3
DA:291,1
DA:292,1
DA:293,1
DA:295,1
DA:296,1
DA:298,0
LF:138
LH:108
end_of_record
SF:lib\movies\presentation\provider\movie_detail_notifier.dart
DA:19,1
DA:29,2
DA:33,2
DA:37,2
DA:41,2
DA:45,2
DA:49,2
DA:51,1
DA:52,1
DA:53,1
DA:54,2
DA:55,2
DA:56,1
DA:57,1
DA:58,1
DA:59,2
DA:60,1
DA:62,1
DA:63,1
DA:64,1
DA:65,1
DA:66,1
DA:67,1
DA:68,1
DA:69,2
DA:71,1
DA:72,1
DA:73,1
DA:76,1
DA:77,1
DA:84,2
DA:86,1
DA:87,3
DA:89,1
DA:90,1
DA:91,2
DA:93,1
DA:94,1
DA:98,2
DA:101,1
DA:102,3
DA:104,1
DA:105,0
DA:106,0
DA:108,1
DA:109,1
DA:113,2
DA:116,1
DA:117,2
DA:118,1
DA:119,1
LF:51
LH:49
end_of_record
SF:lib\watchlist\domain\usecases\get_watchlist_status.dart
DA:6,1
DA:8,1
DA:9,2
LF:3
LH:3
end_of_record
SF:lib\watchlist\domain\usecases\remove_watchlist.dart
DA:7,1
DA:9,1
DA:10,2
LF:3
LH:3
end_of_record
SF:lib\watchlist\domain\usecases\save_watchlist.dart
DA:8,1
DA:10,1
DA:11,2
LF:3
LH:3
end_of_record
SF:lib\movies\presentation\pages\now_playing_movies_page.dart
DA:10,1
DA:11,1
DA:15,1
DA:17,1
DA:18,2
DA:19,2
DA:20,1
DA:23,1
DA:25,1
DA:26,1
DA:27,1
DA:29,1
DA:31,1
DA:32,1
DA:33,2
DA:34,1
DA:35,1
DA:37,2
DA:38,1
DA:39,1
DA:40,2
DA:41,1
DA:43,2
DA:46,1
DA:47,1
DA:48,2
LF:26
LH:26
end_of_record
SF:lib\movies\presentation\provider\now_playing_movies_notifier.dart
DA:10,0
DA:13,0
DA:16,0
DA:19,0
DA:21,0
DA:22,0
DA:23,0
DA:25,0
DA:27,0
DA:28,0
DA:29,0
DA:30,0
DA:31,0
DA:33,0
DA:34,0
DA:35,0
DA:36,0
LF:17
LH:0
end_of_record
SF:lib\movies\presentation\widgets\movie_card_list.dart
DA:10,1
DA:12,1
DA:14,1
DA:16,1
DA:17,0
DA:18,0
DA:21,0
DA:24,1
DA:26,1
DA:27,1
DA:28,1
DA:34,1
DA:36,1
DA:37,1
DA:38,2
DA:41,1
DA:44,1
DA:45,2
DA:48,2
DA:54,1
DA:59,1
DA:60,1
DA:61,3
DA:63,2
DA:64,1
DA:66,0
DA:68,2
LF:27
LH:23
end_of_record
SF:lib\movies\presentation\pages\popular_movies_page.dart
DA:10,1
DA:11,1
DA:15,1
DA:17,1
DA:18,2
DA:19,2
DA:20,1
DA:23,1
DA:25,1
DA:26,1
DA:27,1
DA:29,1
DA:31,1
DA:32,1
DA:33,2
DA:34,1
DA:35,1
DA:37,2
DA:38,1
DA:39,0
DA:40,0
DA:41,0
DA:43,2
DA:46,1
DA:47,1
DA:48,2
LF:26
LH:23
end_of_record
SF:lib\movies\presentation\provider\popular_movies_notifier.dart
DA:10,1
DA:13,2
DA:16,2
DA:19,2
DA:21,1
DA:22,1
DA:23,1
DA:25,2
DA:27,1
DA:28,1
DA:29,2
DA:30,1
DA:31,1
DA:33,1
DA:34,1
DA:35,1
DA:36,1
LF:17
LH:17
end_of_record
SF:lib\movies\presentation\pages\top_rated_movies_page.dart
DA:11,1
DA:12,1
DA:16,1
DA:18,1
DA:19,2
DA:20,2
DA:21,1
DA:24,1
DA:26,1
DA:27,1
DA:28,1
DA:30,1
DA:32,1
DA:33,1
DA:34,2
DA:35,1
DA:36,1
DA:38,2
DA:39,1
DA:40,0
DA:41,0
DA:42,0
DA:44,2
DA:47,1
DA:48,1
DA:49,2
LF:26
LH:23
end_of_record
SF:lib\movies\presentation\provider\top_rated_movies_notifier.dart
DA:10,1
DA:13,2
DA:16,2
DA:19,2
DA:21,1
DA:22,1
DA:23,1
DA:25,2
DA:27,1
DA:28,1
DA:29,2
DA:30,1
DA:31,1
DA:33,1
DA:34,1
DA:35,1
DA:36,1
LF:17
LH:17
end_of_record
SF:lib\movies\presentation\provider\movie_list_notifier.dart
DA:11,2
DA:15,2
DA:19,2
DA:23,2
DA:27,2
DA:31,2
DA:35,2
DA:37,1
DA:47,1
DA:48,1
DA:49,1
DA:51,2
DA:52,1
DA:53,1
DA:54,1
DA:55,2
DA:56,1
DA:58,1
DA:59,1
DA:60,1
DA:61,1
DA:66,1
DA:67,1
DA:68,1
DA:70,2
DA:71,1
DA:72,1
DA:73,1
DA:74,2
DA:75,1
DA:77,1
DA:78,1
DA:79,1
DA:80,1
DA:85,1
DA:86,1
DA:87,1
DA:89,2
DA:90,1
DA:91,1
DA:92,1
DA:93,2
DA:94,1
DA:96,1
DA:97,1
DA:98,1
DA:99,1
LF:47
LH:47
end_of_record
SF:lib\search\data\repositories\search_repository_impl.dart
DA:10,1
DA:14,1
DA:17,2
DA:18,1
DA:19,1
DA:20,3
LF:6
LH:6
end_of_record
SF:lib\search\domain\usecases\search_usecase.dart
DA:8,1
DA:10,1
DA:11,2
LF:3
LH:3
end_of_record
SF:lib\search\presentation\provider\search_notifier.dart
DA:9,1
DA:13,2
DA:17,2
DA:21,2
DA:23,1
DA:24,1
DA:25,1
DA:27,2
DA:28,1
DA:29,1
DA:30,2
DA:31,1
DA:32,1
DA:34,1
DA:35,1
DA:36,1
DA:37,1
LF:17
LH:17
end_of_record
SF:lib\core\usecases\usecases.dart
DA:4,2
DA:10,3
LF:2
LH:2
end_of_record
SF:lib\search\presentation\pages\search_page.dart
DA:11,1
DA:13,1
DA:14,1
DA:15,1
DA:17,1
DA:19,1
DA:21,1
DA:22,1
DA:23,1
DA:24,1
DA:25,1
DA:27,1
DA:29,1
DA:30,1
DA:33,1
DA:35,1
DA:36,1
DA:38,1
DA:40,1
DA:41,1
DA:42,2
DA:43,1
DA:44,1
DA:46,2
DA:47,1
DA:48,1
DA:49,1
DA:51,1
DA:52,2
DA:53,1
DA:55,1
DA:59,1
DA:60,1
DA:61,1
LF:34
LH:34
end_of_record
SF:lib\search\presentation\widgets\search_card_list.dart
DA:12,1
DA:14,1
DA:16,1
DA:18,1
DA:19,0
DA:20,0
DA:21,0
DA:24,0
DA:26,0
DA:27,0
DA:30,0
DA:34,1
DA:36,1
DA:37,1
DA:38,1
DA:44,1
DA:46,1
DA:47,1
DA:48,2
DA:51,1
DA:57,1
DA:58,1
DA:63,1
DA:64,1
DA:65,3
DA:67,2
DA:68,1
DA:70,0
DA:72,2
LF:29
LH:21
end_of_record
SF:lib\tv_series\presentation\pages\tv_series_detail_page.dart
DA:13,1
DA:18,1
DA:19,1
DA:23,1
DA:25,1
DA:27,2
DA:28,2
DA:29,3
DA:30,2
DA:31,3
DA:35,1
DA:37,1
DA:38,1
DA:39,1
DA:40,2
DA:41,0
DA:42,0
DA:44,2
DA:45,1
DA:46,1
DA:47,1
DA:49,1
DA:50,1
DA:54,0
DA:67,1
DA:69,1
DA:70,1
DA:75,2
DA:76,4
DA:80,1
DA:82,3
DA:83,1
DA:84,1
DA:85,1
DA:86,4
DA:88,2
DA:89,1
DA:91,0
DA:93,1
DA:95,1
DA:96,1
DA:97,1
DA:98,1
DA:100,2
DA:107,1
DA:108,1
DA:109,1
DA:111,1
DA:113,1
DA:115,1
DA:116,1
DA:117,3
DA:118,1
DA:120,1
DA:121,4
DA:122,1
DA:124,1
DA:125,1
DA:126,1
DA:127,1
DA:128,4
DA:130,2
DA:136,1
DA:137,1
DA:138,4
DA:139,1
DA:143,1
DA:144,1
DA:145,3
DA:147,1
DA:148,1
DA:149,1
DA:150,2
DA:151,1
DA:154,3
DA:156,0
DA:159,0
DA:163,1
DA:165,1
DA:167,1
DA:168,1
DA:169,2
DA:170,2
DA:172,1
DA:174,1
DA:175,1
DA:176,1
DA:182,1
DA:184,1
DA:185,2
DA:186,1
DA:187,1
DA:188,1
DA:189,1
DA:190,2
DA:197,1
DA:198,1
DA:199,1
DA:204,3
DA:205,4
DA:206,1
DA:208,1
DA:210,1
DA:211,1
DA:212,3
DA:213,1
DA:214,2
DA:215,3
DA:216,1
DA:219,1
DA:222,1
DA:223,1
DA:225,1
DA:227,1
DA:228,1
DA:229,2
DA:231,0
DA:232,0
DA:234,2
DA:236,0
DA:237,2
DA:239,1
DA:241,1
DA:243,1
DA:245,3
DA:246,1
DA:248,1
DA:249,0
DA:250,0
DA:253,0
DA:256,1
DA:257,1
DA:258,1
DA:260,1
DA:262,2
DA:263,1
DA:264,1
DA:266,1
DA:269,0
DA:270,0
DA:276,3
DA:280,0
DA:284,1
DA:289,1
DA:291,1
DA:306,1
DA:308,1
DA:311,1
DA:312,1
DA:313,0
DA:314,0
DA:323,1
DA:325,2
DA:326,2
DA:329,1
DA:333,3
LF:156
LH:139
end_of_record
SF:lib\tv_series\domain\usecases\get_tv_series_detail.dart
DA:7,1
DA:11,1
DA:13,2
LF:3
LH:3
end_of_record
SF:lib\tv_series\domain\usecases\get_tv_series_recommendations.dart
DA:7,1
DA:11,1
DA:13,2
LF:3
LH:3
end_of_record
SF:lib\tv_series\domain\usecases\get_tv_series_season.dart
DA:6,1
DA:10,1
DA:11,2
LF:3
LH:3
end_of_record
SF:lib\tv_series\presentation\provider\tv_series_detail_notifier.dart
DA:12,1
DA:34,2
DA:36,2
DA:38,2
DA:40,2
DA:42,2
DA:44,2
DA:46,2
DA:48,1
DA:49,1
DA:50,1
DA:51,2
DA:52,2
DA:53,1
DA:54,1
DA:55,1
DA:56,2
DA:57,1
DA:59,1
DA:60,1
DA:61,1
DA:62,1
DA:63,1
DA:64,1
DA:65,1
DA:66,2
DA:68,1
DA:69,1
DA:70,1
DA:73,1
DA:74,1
DA:79,1
DA:80,2
DA:81,1
DA:82,1
DA:85,1
DA:86,3
DA:88,1
DA:89,1
DA:90,2
DA:92,1
DA:93,1
DA:97,2
DA:100,1
DA:101,3
DA:103,1
DA:104,1
DA:105,2
DA:107,1
DA:108,1
DA:112,2
LF:51
LH:51
end_of_record
SF:lib\tv_series\presentation\widgets\episode_card_list.dart
DA:13,1
DA:19,1
DA:20,1
DA:25,1
DA:27,1
DA:28,2
DA:29,2
DA:30,5
DA:34,1
DA:36,1
DA:37,1
DA:38,2
DA:42,2
DA:43,2
DA:44,1
DA:45,2
DA:46,1
DA:47,2
DA:48,1
DA:49,1
DA:50,1
DA:52,1
DA:54,1
DA:55,1
DA:56,1
DA:57,1
DA:63,1
DA:65,2
DA:68,1
DA:71,0
DA:78,1
DA:80,1
DA:82,1
DA:83,1
DA:84,1
DA:85,1
DA:88,1
DA:89,6
DA:90,2
DA:101,0
DA:103,0
DA:104,0
DA:111,1
DA:113,1
DA:114,1
DA:115,1
LF:46
LH:42
end_of_record
SF:lib\tv_series\presentation\provider\tv_series_season_notifier.dart
DA:7,1
DA:15,1
DA:16,1
DA:17,1
DA:18,2
DA:19,1
DA:20,1
DA:21,1
DA:22,2
DA:23,1
DA:25,1
DA:26,1
DA:27,1
DA:28,1
DA:33,2
DA:35,2
DA:37,2
LF:17
LH:17
end_of_record
SF:lib\tv_series\data\repositories\tv_series_repository_impl.dart
DA:14,1
DA:18,1
DA:21,2
DA:22,5
DA:23,1
DA:24,1
DA:25,3
DA:26,0
DA:27,0
DA:31,1
DA:34,2
DA:35,5
DA:36,1
DA:37,1
DA:38,3
DA:39,0
DA:40,0
DA:44,1
DA:47,2
DA:48,5
DA:49,1
DA:50,1
DA:51,3
DA:52,0
DA:53,0
DA:57,1
DA:60,2
DA:61,2
DA:62,1
DA:63,3
DA:64,0
DA:65,0
DA:69,1
DA:72,2
DA:73,5
DA:74,1
DA:75,1
DA:76,3
DA:77,0
DA:78,0
DA:82,1
DA:85,2
DA:86,5
DA:87,1
DA:88,1
DA:89,3
DA:90,0
DA:91,0
LF:48
LH:36
end_of_record
SF:lib\tv_series\domain\usecases\get_now_playing_tv_series.dart
DA:7,1
DA:11,1
DA:13,2
LF:3
LH:3
end_of_record
SF:lib\tv_series\domain\usecases\get_popular_tv_series.dart
DA:7,1
DA:11,1
DA:13,2
LF:3
LH:3
end_of_record
SF:lib\tv_series\domain\usecases\get_top_rated_tv_series.dart
DA:7,1
DA:11,1
DA:13,2
LF:3
LH:3
end_of_record
SF:lib\tv_series\presentation\pages\popular_tv_series_page.dart
DA:13,1
DA:14,1
DA:18,1
DA:20,1
DA:21,2
DA:22,2
DA:23,1
DA:26,1
DA:28,1
DA:29,1
DA:30,1
DA:32,1
DA:33,1
DA:34,2
DA:35,1
DA:36,1
DA:38,2
DA:39,1
DA:43,2
DA:44,1
DA:45,2
DA:46,1
DA:47,0
DA:48,0
DA:51,0
DA:54,1
DA:55,2
DA:56,1
DA:57,2
DA:58,2
DA:59,1
DA:61,0
DA:69,1
DA:70,1
DA:71,2
LF:35
LH:31
end_of_record
SF:lib\tv_series\presentation\provider\popular_tv_series_notifier.dart
DA:9,1
DA:13,2
DA:17,2
DA:21,2
DA:23,1
DA:24,1
DA:25,1
DA:27,2
DA:29,1
DA:30,1
DA:31,2
DA:32,1
DA:33,1
DA:35,1
DA:36,1
DA:37,1
DA:38,1
LF:17
LH:17
end_of_record
SF:lib\tv_series\presentation\pages\now_playing_tv_series_page.dart
DA:13,1
DA:14,1
DA:18,1
DA:20,1
DA:21,2
DA:22,2
DA:23,1
DA:26,1
DA:28,1
DA:29,1
DA:30,1
DA:32,1
DA:33,1
DA:34,2
DA:35,1
DA:36,1
DA:38,2
DA:39,1
DA:43,2
DA:44,1
DA:45,2
DA:46,1
DA:47,0
DA:48,0
DA:51,0
DA:54,1
DA:55,2
DA:56,1
DA:57,2
DA:58,2
DA:59,1
DA:61,0
DA:69,1
DA:70,1
DA:71,2
LF:35
LH:31
end_of_record
SF:lib\tv_series\presentation\provider\now_playing_tv_series_notifier.dart
DA:9,1
DA:13,2
DA:17,2
DA:21,2
DA:23,1
DA:24,1
DA:25,1
DA:26,2
DA:27,1
DA:28,1
DA:29,2
DA:30,1
DA:31,1
DA:33,1
DA:34,1
DA:35,1
DA:36,1
LF:17
LH:17
end_of_record
SF:lib\tv_series\presentation\pages\top_rated_tv_series_page.dart
DA:13,1
DA:14,1
DA:18,1
DA:20,1
DA:21,2
DA:22,2
DA:23,1
DA:26,1
DA:28,1
DA:29,1
DA:30,1
DA:32,1
DA:34,1
DA:35,1
DA:36,2
DA:37,1
DA:38,1
DA:40,2
DA:41,1
DA:45,2
DA:46,1
DA:47,2
DA:48,1
DA:49,0
DA:50,0
DA:53,0
DA:56,1
DA:57,2
DA:58,1
DA:59,2
DA:60,2
DA:61,1
DA:63,0
DA:71,1
DA:72,1
DA:73,2
LF:36
LH:32
end_of_record
SF:lib\tv_series\presentation\provider\top_rated_tv_series_notifier.dart
DA:9,1
DA:13,2
DA:17,2
DA:21,2
DA:23,1
DA:24,1
DA:25,1
DA:27,2
DA:29,1
DA:30,1
DA:31,2
DA:32,1
DA:33,1
DA:35,1
DA:36,1
DA:37,1
DA:38,1
LF:17
LH:17
end_of_record
SF:lib\tv_series\presentation\pages\tv_series_home_page.dart
DA:14,1
DA:16,1
DA:17,1
DA:21,1
DA:23,1
DA:24,1
DA:25,3
DA:26,1
DA:27,1
DA:28,1
DA:31,1
DA:33,1
DA:35,1
DA:36,1
DA:38,1
DA:39,1
DA:41,0
DA:44,2
DA:45,1
DA:46,1
DA:47,1
DA:48,1
DA:50,1
DA:51,2
DA:53,1
DA:54,1
DA:59,1
DA:61,0
DA:62,0
DA:64,2
DA:65,1
DA:66,1
DA:67,1
DA:68,1
DA:70,1
DA:71,2
DA:73,1
DA:74,1
DA:79,1
DA:81,0
DA:82,0
DA:84,2
DA:85,1
DA:86,1
DA:87,1
DA:88,1
DA:90,1
DA:91,2
DA:93,1
DA:94,1
DA:99,1
DA:106,1
DA:107,1
DA:109,1
DA:110,1
DA:112,1
DA:114,1
DA:116,1
DA:118,1
DA:129,1
DA:131,1
DA:133,1
DA:135,1
DA:137,1
DA:138,2
DA:139,1
DA:141,1
DA:142,0
DA:143,0
DA:146,0
DA:149,1
DA:150,2
DA:151,1
DA:152,1
DA:153,2
DA:154,2
DA:155,1
DA:157,0
DA:159,0
DA:161,0
DA:162,0
DA:169,2
LF:82
LH:70
end_of_record
SF:lib\tv_series\presentation\provider\tv_series_list_notifier.dart
DA:9,1
DA:27,2
DA:29,2
DA:31,2
DA:33,2
DA:35,2
DA:37,2
DA:39,2
DA:41,1
DA:42,1
DA:43,1
DA:45,2
DA:46,1
DA:47,1
DA:48,1
DA:49,2
DA:50,1
DA:52,1
DA:53,1
DA:54,1
DA:55,1
DA:60,1
DA:61,1
DA:62,1
DA:64,2
DA:65,1
DA:66,1
DA:67,1
DA:68,2
DA:69,1
DA:71,1
DA:72,1
DA:73,1
DA:74,1
DA:79,1
DA:80,1
DA:81,1
DA:83,2
DA:84,1
DA:85,1
DA:86,1
DA:87,2
DA:88,1
DA:90,1
DA:91,1
DA:92,1
DA:93,1
LF:47
LH:47
end_of_record
SF:lib\watchlist\data\repositories\watchlist_repository_impl.dart
DA:11,1
DA:15,1
DA:18,2
DA:19,5
DA:20,1
DA:21,3
DA:25,1
DA:27,2
DA:31,1
DA:34,2
DA:35,1
DA:36,1
DA:37,3
DA:41,1
DA:44,1
DA:45,2
DA:46,1
DA:47,1
DA:48,3
LF:19
LH:19
end_of_record
SF:lib\watchlist\domain\usecases\get_watchlist.dart
DA:8,1
DA:10,1
DA:11,2
LF:3
LH:3
end_of_record
SF:lib\watchlist\presentation\provider\watchlist_notifier.dart
DA:9,2
DA:13,2
DA:17,2
DA:19,1
DA:23,1
DA:24,1
DA:25,1
DA:27,2
DA:28,1
DA:29,1
DA:30,1
DA:31,2
DA:32,1
DA:34,1
DA:35,1
DA:36,1
DA:37,1
LF:17
LH:17
end_of_record
SF:lib\core\utils\utils.dart
DA:3,3
LF:1
LH:1
end_of_record
SF:lib\watchlist\presentation\pages\watchlist_page.dart
DA:16,1
DA:17,1
DA:21,1
DA:23,1
DA:24,2
DA:25,2
DA:26,1
DA:29,1
DA:31,1
DA:32,4
DA:35,0
DA:36,0
DA:37,0
DA:40,1
DA:42,1
DA:43,1
DA:44,1
DA:46,1
DA:47,1
DA:48,2
DA:49,1
DA:50,1
DA:52,2
DA:53,1
DA:57,2
DA:58,1
DA:59,2
DA:60,1
DA:61,0
DA:62,0
DA:63,0
DA:66,0
DA:68,0
DA:71,0
DA:74,1
DA:75,2
DA:76,1
DA:77,2
DA:78,2
DA:79,1
DA:81,0
DA:89,1
DA:90,1
DA:91,2
DA:99,1
DA:101,2
DA:102,1
LF:47
LH:37
end_of_record
